<?xml version="1.0" encoding="UTF-8"?>
<!-- Generated by org.testng.reporters.JUnitReportReporter -->
<testsuite skipped="0" hostname="M-PC" name="tests.QaOntime" tests="5" failures="0" timestamp="24 Jan 2019 12:29:58 GMT" time="24.213" errors="0">
  <testcase name="loginWithBadPass" time="1.451" classname="tests.QaOntime"/>
  <testcase name="deleteIssue" time="5.398" classname="tests.QaOntime"/>
  <testcase name="logOut" time="1.389" classname="tests.QaOntime"/>
  <testcase name="createIssue" time="14.041" classname="tests.QaOntime"/>
  <testcase name="logIn" time="1.934" classname="tests.QaOntime"/>
</testsuite> <!-- tests.QaOntime -->
