<?xml version="1.0" encoding="UTF-8"?>
<!-- Generated by org.testng.reporters.JUnitReportReporter -->
<testsuite skipped="0" hostname="M-PC" name="tests.Monetha" tests="6" failures="0" timestamp="30 Jan 2019 16:57:07 GMT" time="176.907" errors="0">
  <testcase name="shouldNotBeAbleToCreateADealWhenPriceIsNotNumber" time="26.432" classname="tests.Monetha"/>
  <testcase name="shouldBeAbleToConfirmDealDetails" time="45.174" classname="tests.Monetha"/>
  <testcase name="shouldBeAbleToCreateDeal" time="23.870" classname="tests.Monetha"/>
  <testcase name="shouldBeAbleToLogout" time="53.894" classname="tests.Monetha"/>
  <testcase name="shouldBeAbleToConfirmPayment" time="26.009" classname="tests.Monetha"/>
  <testcase name="shouldBeAbleToPayForDealWithCash" time="1.528" classname="tests.Monetha"/>
</testsuite> <!-- tests.Monetha -->
