<?xml version="1.0" encoding="UTF-8"?>
<!-- Generated by org.testng.reporters.JUnitReportReporter -->
<testsuite skipped="1" hostname="Liutas-LP" name="tests.Monetha" tests="7" failures="0" timestamp="30 Sau 2019 17:15:30 GMT" time="56.054" errors="0">
  <testcase name="shouldBeAlbeToPayForADeal" time="0.460" classname="tests.Monetha"/>
  <testcase name="dealCouldNotBeCreatedBecouseItWasMissingAPrice" time="10.377" classname="tests.Monetha"/>
  <testcase name="shouldCreateDealWithAnImg" time="18.680" classname="tests.Monetha"/>
  <testcase name="shouldLogOut" time="6.096" classname="tests.Monetha"/>
  <testcase name="shouldConfirmTheDeal" time="11.115" classname="tests.Monetha"/>
  <testcase name="ShouldBeAbleToDealAccept" time="9.326" classname="tests.Monetha"/>
  <testcase name="should_ToCreateADealOrElseThisWebsiteDoesNotWorkAlsoImTryingToMakeThisMethodNameAsLongAsPossibleButAnywayItsCalledMainFlow" classname="tests.Monetha">
    <skipped/>
  </testcase> <!-- should_ToCreateADealOrElseThisWebsiteDoesNotWorkAlsoImTryingToMakeThisMethodNameAsLongAsPossibleButAnywayItsCalledMainFlow -->
</testsuite> <!-- tests.Monetha -->
