<?xml version="1.0" encoding="UTF-8"?>
<!-- Generated by org.testng.reporters.JUnitReportReporter -->
<testsuite skipped="0" hostname="Liutas-LP" name="tests.QaOnTime_Nd" tests="1" failures="0" timestamp="04 Vas 2019 16:03:17 GMT" time="40.009" errors="0">
  <testcase name="login" time="40.009" classname="tests.QaOnTime_Nd"/>
</testsuite> <!-- tests.QaOnTime_Nd -->
