<?xml version="1.0" encoding="UTF-8"?>
<!-- Generated by org.testng.reporters.JUnitReportReporter -->
<testsuite skipped="0" hostname="Liutas-LP" name="tests.BandomasisUzd2" tests="2" failures="0" timestamp="26 Bir 2019 11:44:32 GMT" time="1.361" errors="0">
  <testcase name="openAboutUs" time="0.158" classname="tests.BandomasisUzd2"/>
  <testcase name="forceFailSearchInput" time="1.203" classname="tests.BandomasisUzd2"/>
</testsuite> <!-- tests.BandomasisUzd2 -->
