<?xml version="1.0" encoding="UTF-8"?>
<!-- Generated by org.testng.reporters.JUnitReportReporter -->
<testsuite skipped="0" hostname="Liutas-LP" name="tests.ProfileUpdate" tests="2" failures="0" timestamp="30 Sau 2019 17:38:38 GMT" time="8.350" errors="0">
  <testcase name="shouldUpdateProfile" time="4.850" classname="tests.ProfileUpdate"/>
  <testcase name="should_NOT_UpdateProfile_BecauseBadEmailFormat" time="3.500" classname="tests.ProfileUpdate"/>
</testsuite> <!-- tests.ProfileUpdate -->
