<?xml version="1.0" encoding="UTF-8"?>
<!-- Generated by org.testng.reporters.JUnitReportReporter -->
<testsuite skipped="0" hostname="Liutas-LP" name="tests.ProfileTest" tests="3" failures="0" timestamp="11 Vas 2019 17:32:46 GMT" time="33.675" errors="0">
  <testcase name="should_NOT_UpdateProfile_BecauseBadEmailFormat" time="3.986" classname="tests.ProfileTest"/>
  <testcase name="shouldUpdateProfile" time="9.812" classname="tests.ProfileTest"/>
  <testcase name="shouldUpdateProfile_FromXml" time="19.877" classname="tests.ProfileTest"/>
</testsuite> <!-- tests.ProfileTest -->
