<?xml version="1.0" encoding="UTF-8"?>
<!-- Generated by org.testng.reporters.JUnitReportReporter -->
<testsuite skipped="0" hostname="Liutas-LP" name="sposterTest.Login" tests="8" failures="0" timestamp="08 Vas 2019 08:29:36 GMT" time="28.812" errors="0">
  <testcase name="NF_ShouldFailLogin_BadPassword_WithOutACeckMark" time="2.483" classname="sposterTest.Login"/>
  <testcase name="shouldLogin_WithACeckMark" time="7.243" classname="sposterTest.Login"/>
  <testcase name="NF_ShouldFailLogin_BadUsername_WithACeckMark" time="2.723" classname="sposterTest.Login"/>
  <testcase name="NF_ShouldFailLogin_BadPassword_WithACeckMark" time="5.158" classname="sposterTest.Login"/>
  <testcase name="NF_ShouldFailLogin_EmptyUserFields_WithACheckMark" time="1.715" classname="sposterTest.Login"/>
  <testcase name="shouldLogin_WithOutACeckMark" time="5.703" classname="sposterTest.Login"/>
  <testcase name="NF_ShouldFailLogin_EmptyUserFields_WithOutACeckMark" time="1.302" classname="sposterTest.Login"/>
  <testcase name="NF_ShouldFailLogin_BadUsername_WithOutACeckMark" time="2.485" classname="sposterTest.Login"/>
</testsuite> <!-- sposterTest.Login -->
