<?xml version="1.0" encoding="UTF-8"?>
<!-- Generated by org.testng.reporters.JUnitReportReporter -->
<testsuite skipped="0" hostname="Liutas-LP" name="sposterTest.Post" tests="5" failures="0" timestamp="08 Vas 2019 08:29:36 GMT" time="98.829" errors="0">
  <testcase name="shouldBeAbleToLoginToFacebook" time="10.404" classname="sposterTest.Post"/>
  <testcase name="NF_shouldNotBeAbleToCreatePost_WithOutCampaign" time="10.647" classname="sposterTest.Post"/>
  <testcase name="checkOnFacebookIfThePostPosted" time="11.305" classname="sposterTest.Post"/>
  <testcase name="shouldBeAbleToDeleteTheSamePost" time="3.352" classname="sposterTest.Post"/>
  <testcase name="shouldBeAbleToPostToFacebook" time="63.121" classname="sposterTest.Post"/>
</testsuite> <!-- sposterTest.Post -->
